21/01/21 09:39:50 WARN NativeCodeLoader: Unable to load native-hadoop library for your platform... using builtin-java classes where applicable
21/01/21 09:39:54 INFO SparkContext: Running Spark version 2.4.5
21/01/21 09:39:55 INFO SparkContext: Submitted application: sparklyr
21/01/21 09:39:55 INFO SecurityManager: Changing view acls to: Calum
21/01/21 09:39:55 INFO SecurityManager: Changing modify acls to: Calum
21/01/21 09:39:55 INFO SecurityManager: Changing view acls groups to: 
21/01/21 09:39:55 INFO SecurityManager: Changing modify acls groups to: 
21/01/21 09:39:55 INFO SecurityManager: SecurityManager: authentication disabled; ui acls disabled; users  with view permissions: Set(Calum); groups with view permissions: Set(); users  with modify permissions: Set(Calum); groups with modify permissions: Set()
21/01/21 09:39:56 INFO Utils: Successfully started service 'sparkDriver' on port 51169.
21/01/21 09:39:56 INFO SparkEnv: Registering MapOutputTracker
21/01/21 09:39:56 INFO SparkEnv: Registering BlockManagerMaster
21/01/21 09:39:56 INFO BlockManagerMasterEndpoint: Using org.apache.spark.storage.DefaultTopologyMapper for getting topology information
21/01/21 09:39:56 INFO BlockManagerMasterEndpoint: BlockManagerMasterEndpoint up
21/01/21 09:39:56 INFO DiskBlockManager: Created local directory at /private/var/folders/rq/f94chgbx0bdd522fqp06hpfr0000gp/T/blockmgr-8ae844c2-a9f5-4b13-9c47-123e00e16de5
21/01/21 09:39:56 INFO MemoryStore: MemoryStore started with capacity 912.3 MB
21/01/21 09:39:56 INFO SparkEnv: Registering OutputCommitCoordinator
21/01/21 09:39:57 INFO Utils: Successfully started service 'SparkUI' on port 4040.
21/01/21 09:39:58 INFO SparkUI: Bound SparkUI to 127.0.0.1, and started at http://localhost:4040
21/01/21 09:39:58 INFO SparkContext: Added JAR file:/Library/Frameworks/R.framework/Versions/3.6/Resources/library/sparklyr/java/sparklyr-2.4-2.11.jar at spark://localhost:51169/jars/sparklyr-2.4-2.11.jar with timestamp 1611221998242
21/01/21 09:39:58 INFO Executor: Starting executor ID driver on host localhost
21/01/21 09:39:59 INFO Utils: Successfully started service 'org.apache.spark.network.netty.NettyBlockTransferService' on port 51171.
21/01/21 09:39:59 INFO NettyBlockTransferService: Server created on localhost:51171
21/01/21 09:39:59 INFO BlockManager: Using org.apache.spark.storage.RandomBlockReplicationPolicy for block replication policy
21/01/21 09:39:59 INFO BlockManagerMaster: Registering BlockManager BlockManagerId(driver, localhost, 51171, None)
21/01/21 09:39:59 INFO BlockManagerMasterEndpoint: Registering block manager localhost:51171 with 912.3 MB RAM, BlockManagerId(driver, localhost, 51171, None)
21/01/21 09:39:59 INFO BlockManagerMaster: Registered BlockManager BlockManagerId(driver, localhost, 51171, None)
21/01/21 09:39:59 INFO BlockManager: Initialized BlockManager: BlockManagerId(driver, localhost, 51171, None)
21/01/21 09:40:00 INFO SharedState: loading hive config file: file:/Users/Calum/spark/spark-2.4.5-bin-hadoop2.7/conf/hive-site.xml
21/01/21 09:40:01 INFO SharedState: Setting hive.metastore.warehouse.dir ('null') to the value of spark.sql.warehouse.dir ('file:/Users/Calum/CodeClan/Homework_CodeClan_CalumS/week_11/day_5/spark-warehouse').
21/01/21 09:40:01 INFO SharedState: Warehouse path is 'file:/Users/Calum/CodeClan/Homework_CodeClan_CalumS/week_11/day_5/spark-warehouse'.
21/01/21 09:40:05 INFO StateStoreCoordinatorRef: Registered StateStoreCoordinator endpoint
21/01/21 09:40:19 INFO HiveUtils: Initializing HiveMetastoreConnection version 1.2.1 using Spark classes.
21/01/21 09:40:23 INFO HiveMetaStore: 0: Opening raw store with implemenation class:org.apache.hadoop.hive.metastore.ObjectStore
21/01/21 09:40:24 INFO ObjectStore: ObjectStore, initialize called
21/01/21 09:40:25 INFO Persistence: Property hive.metastore.integral.jdo.pushdown unknown - will be ignored
21/01/21 09:40:25 INFO Persistence: Property datanucleus.cache.level2 unknown - will be ignored
21/01/21 09:40:34 INFO ObjectStore: Setting MetaStore object pin classes with hive.metastore.cache.pinobjtypes="Table,StorageDescriptor,SerDeInfo,Partition,Database,Type,FieldSchema,Order"
21/01/21 09:40:38 INFO Datastore: The class "org.apache.hadoop.hive.metastore.model.MFieldSchema" is tagged as "embedded-only" so does not have its own datastore table.
21/01/21 09:40:38 INFO Datastore: The class "org.apache.hadoop.hive.metastore.model.MOrder" is tagged as "embedded-only" so does not have its own datastore table.
21/01/21 09:40:41 INFO Datastore: The class "org.apache.hadoop.hive.metastore.model.MFieldSchema" is tagged as "embedded-only" so does not have its own datastore table.
21/01/21 09:40:41 INFO Datastore: The class "org.apache.hadoop.hive.metastore.model.MOrder" is tagged as "embedded-only" so does not have its own datastore table.
21/01/21 09:40:42 INFO MetaStoreDirectSql: Using direct SQL, underlying DB is DERBY
21/01/21 09:40:42 INFO ObjectStore: Initialized ObjectStore
21/01/21 09:40:43 WARN ObjectStore: Version information not found in metastore. hive.metastore.schema.verification is not enabled so recording the schema version 1.2.0
21/01/21 09:40:43 WARN ObjectStore: Failed to get database default, returning NoSuchObjectException
21/01/21 09:40:44 INFO HiveMetaStore: Added admin role in metastore
21/01/21 09:40:44 INFO HiveMetaStore: Added public role in metastore
21/01/21 09:40:44 INFO HiveMetaStore: No user is added in admin role, since config is empty
21/01/21 09:40:45 INFO HiveMetaStore: 0: get_all_databases
21/01/21 09:40:45 INFO audit: ugi=Calum	ip=unknown-ip-addr	cmd=get_all_databases	
21/01/21 09:40:45 INFO HiveMetaStore: 0: get_functions: db=default pat=*
21/01/21 09:40:45 INFO audit: ugi=Calum	ip=unknown-ip-addr	cmd=get_functions: db=default pat=*	
21/01/21 09:40:45 INFO Datastore: The class "org.apache.hadoop.hive.metastore.model.MResourceUri" is tagged as "embedded-only" so does not have its own datastore table.
21/01/21 09:40:46 INFO SessionState: Created HDFS directory: /tmp/hive/Calum
21/01/21 09:40:46 INFO SessionState: Created local directory: /var/folders/rq/f94chgbx0bdd522fqp06hpfr0000gp/T/Calum
21/01/21 09:40:46 INFO SessionState: Created local directory: /var/folders/rq/f94chgbx0bdd522fqp06hpfr0000gp/T/1ad2763b-1986-4490-b387-21c6cda48fe3_resources
21/01/21 09:40:46 INFO SessionState: Created HDFS directory: /tmp/hive/Calum/1ad2763b-1986-4490-b387-21c6cda48fe3
21/01/21 09:40:46 INFO SessionState: Created local directory: /var/folders/rq/f94chgbx0bdd522fqp06hpfr0000gp/T/Calum/1ad2763b-1986-4490-b387-21c6cda48fe3
21/01/21 09:40:46 INFO SessionState: Created HDFS directory: /tmp/hive/Calum/1ad2763b-1986-4490-b387-21c6cda48fe3/_tmp_space.db
21/01/21 09:40:46 INFO HiveClientImpl: Warehouse location for Hive client (version 1.2.2) is file:/Users/Calum/CodeClan/Homework_CodeClan_CalumS/week_11/day_5/spark-warehouse
21/01/21 09:40:46 INFO HiveMetaStore: 0: get_database: default
21/01/21 09:40:46 INFO audit: ugi=Calum	ip=unknown-ip-addr	cmd=get_database: default	
21/01/21 09:40:46 INFO HiveMetaStore: 0: get_database: global_temp
21/01/21 09:40:46 INFO audit: ugi=Calum	ip=unknown-ip-addr	cmd=get_database: global_temp	
21/01/21 09:40:46 WARN ObjectStore: Failed to get database global_temp, returning NoSuchObjectException
21/01/21 09:40:46 INFO HiveMetaStore: 0: get_database: default
21/01/21 09:40:46 INFO audit: ugi=Calum	ip=unknown-ip-addr	cmd=get_database: default	
21/01/21 09:40:46 INFO HiveMetaStore: 0: get_database: default
21/01/21 09:40:46 INFO audit: ugi=Calum	ip=unknown-ip-addr	cmd=get_database: default	
21/01/21 09:40:46 INFO HiveMetaStore: 0: get_tables: db=default pat=*
21/01/21 09:40:46 INFO audit: ugi=Calum	ip=unknown-ip-addr	cmd=get_tables: db=default pat=*	
21/01/21 09:40:49 INFO SparkContext: Starting job: collect at utils.scala:46
21/01/21 09:40:50 INFO DAGScheduler: Got job 0 (collect at utils.scala:46) with 1 output partitions
21/01/21 09:40:50 INFO DAGScheduler: Final stage: ResultStage 0 (collect at utils.scala:46)
21/01/21 09:40:50 INFO DAGScheduler: Parents of final stage: List()
21/01/21 09:40:50 INFO DAGScheduler: Missing parents: List()
21/01/21 09:40:50 INFO DAGScheduler: Submitting ResultStage 0 (MapPartitionsRDD[5] at map at utils.scala:43), which has no missing parents
21/01/21 09:40:50 INFO MemoryStore: Block broadcast_0 stored as values in memory (estimated size 7.1 KB, free 912.3 MB)
21/01/21 09:40:51 INFO MemoryStore: Block broadcast_0_piece0 stored as bytes in memory (estimated size 4.1 KB, free 912.3 MB)
21/01/21 09:40:51 INFO BlockManagerInfo: Added broadcast_0_piece0 in memory on localhost:51171 (size: 4.1 KB, free: 912.3 MB)
21/01/21 09:40:51 INFO SparkContext: Created broadcast 0 from broadcast at DAGScheduler.scala:1163
21/01/21 09:40:51 INFO DAGScheduler: Submitting 1 missing tasks from ResultStage 0 (MapPartitionsRDD[5] at map at utils.scala:43) (first 15 tasks are for partitions Vector(0))
21/01/21 09:40:51 INFO TaskSchedulerImpl: Adding task set 0.0 with 1 tasks
21/01/21 09:40:51 INFO TaskSetManager: Starting task 0.0 in stage 0.0 (TID 0, localhost, executor driver, partition 0, PROCESS_LOCAL, 7893 bytes)
21/01/21 09:40:51 INFO Executor: Running task 0.0 in stage 0.0 (TID 0)
21/01/21 09:40:51 INFO Executor: Fetching spark://localhost:51169/jars/sparklyr-2.4-2.11.jar with timestamp 1611221998242
21/01/21 09:40:52 INFO TransportClientFactory: Successfully created connection to localhost/127.0.0.1:51169 after 91 ms (0 ms spent in bootstraps)
21/01/21 09:40:52 INFO Utils: Fetching spark://localhost:51169/jars/sparklyr-2.4-2.11.jar to /private/var/folders/rq/f94chgbx0bdd522fqp06hpfr0000gp/T/spark-2a280541-1115-42c3-9683-d956ef1693a2/userFiles-e26c6276-a9de-423d-8f3b-dc8777d5513c/fetchFileTemp2177316806799340027.tmp
21/01/21 09:40:52 INFO Executor: Adding file:/private/var/folders/rq/f94chgbx0bdd522fqp06hpfr0000gp/T/spark-2a280541-1115-42c3-9683-d956ef1693a2/userFiles-e26c6276-a9de-423d-8f3b-dc8777d5513c/sparklyr-2.4-2.11.jar to class loader
21/01/21 09:40:55 INFO CodeGenerator: Code generated in 1438.471091 ms
21/01/21 09:40:55 INFO Executor: Finished task 0.0 in stage 0.0 (TID 0). 1056 bytes result sent to driver
21/01/21 09:40:55 INFO TaskSetManager: Finished task 0.0 in stage 0.0 (TID 0) in 3443 ms on localhost (executor driver) (1/1)
21/01/21 09:40:55 INFO TaskSchedulerImpl: Removed TaskSet 0.0, whose tasks have all completed, from pool 
21/01/21 09:40:55 INFO DAGScheduler: ResultStage 0 (collect at utils.scala:46) finished in 4.876 s
21/01/21 09:40:55 INFO DAGScheduler: Job 0 finished: collect at utils.scala:46, took 5.236423 s
21/01/21 09:40:57 INFO HiveMetaStore: 0: get_database: default
21/01/21 09:40:57 INFO audit: ugi=Calum	ip=unknown-ip-addr	cmd=get_database: default	
21/01/21 09:40:57 INFO HiveMetaStore: 0: get_database: default
21/01/21 09:40:57 INFO audit: ugi=Calum	ip=unknown-ip-addr	cmd=get_database: default	
21/01/21 09:40:57 INFO HiveMetaStore: 0: get_tables: db=default pat=*
21/01/21 09:40:57 INFO audit: ugi=Calum	ip=unknown-ip-addr	cmd=get_tables: db=default pat=*	
21/01/21 09:40:58 INFO CodeGenerator: Code generated in 135.567632 ms
21/01/21 09:40:58 INFO CodeGenerator: Code generated in 45.014719 ms
21/01/21 09:40:59 INFO CodeGenerator: Code generated in 49.963649 ms
21/01/21 09:40:59 INFO CodeGenerator: Code generated in 314.819224 ms
21/01/21 09:40:59 INFO CodeGenerator: Code generated in 67.498225 ms
21/01/21 09:41:01 INFO SparkContext: Starting job: count at utils.scala:116
21/01/21 09:41:01 INFO DAGScheduler: Registering RDD 10 (count at utils.scala:116) as input to shuffle 0
21/01/21 09:41:01 INFO DAGScheduler: Got job 1 (count at utils.scala:116) with 1 output partitions
21/01/21 09:41:01 INFO DAGScheduler: Final stage: ResultStage 2 (count at utils.scala:116)
21/01/21 09:41:01 INFO DAGScheduler: Parents of final stage: List(ShuffleMapStage 1)
21/01/21 09:41:01 INFO DAGScheduler: Missing parents: List(ShuffleMapStage 1)
21/01/21 09:41:01 INFO DAGScheduler: Submitting ShuffleMapStage 1 (MapPartitionsRDD[10] at count at utils.scala:116), which has no missing parents
21/01/21 09:41:01 INFO MemoryStore: Block broadcast_1 stored as values in memory (estimated size 8.0 KB, free 912.3 MB)
21/01/21 09:41:01 INFO MemoryStore: Block broadcast_1_piece0 stored as bytes in memory (estimated size 4.3 KB, free 912.3 MB)
21/01/21 09:41:01 INFO BlockManagerInfo: Added broadcast_1_piece0 in memory on localhost:51171 (size: 4.3 KB, free: 912.3 MB)
21/01/21 09:41:01 INFO SparkContext: Created broadcast 1 from broadcast at DAGScheduler.scala:1163
21/01/21 09:41:01 INFO DAGScheduler: Submitting 1 missing tasks from ShuffleMapStage 1 (MapPartitionsRDD[10] at count at utils.scala:116) (first 15 tasks are for partitions Vector(0))
21/01/21 09:41:01 INFO TaskSchedulerImpl: Adding task set 1.0 with 1 tasks
21/01/21 09:41:01 INFO TaskSetManager: Starting task 0.0 in stage 1.0 (TID 1, localhost, executor driver, partition 0, PROCESS_LOCAL, 8017 bytes)
21/01/21 09:41:01 INFO Executor: Running task 0.0 in stage 1.0 (TID 1)
21/01/21 09:41:01 INFO Executor: Finished task 0.0 in stage 1.0 (TID 1). 1542 bytes result sent to driver
21/01/21 09:41:01 INFO TaskSetManager: Finished task 0.0 in stage 1.0 (TID 1) in 307 ms on localhost (executor driver) (1/1)
21/01/21 09:41:01 INFO TaskSchedulerImpl: Removed TaskSet 1.0, whose tasks have all completed, from pool 
21/01/21 09:41:01 INFO DAGScheduler: ShuffleMapStage 1 (count at utils.scala:116) finished in 0.361 s
21/01/21 09:41:01 INFO DAGScheduler: looking for newly runnable stages
21/01/21 09:41:01 INFO DAGScheduler: running: Set()
21/01/21 09:41:01 INFO DAGScheduler: waiting: Set(ResultStage 2)
21/01/21 09:41:01 INFO DAGScheduler: failed: Set()
21/01/21 09:41:01 INFO DAGScheduler: Submitting ResultStage 2 (MapPartitionsRDD[13] at count at utils.scala:116), which has no missing parents
21/01/21 09:41:01 INFO MemoryStore: Block broadcast_2 stored as values in memory (estimated size 7.3 KB, free 912.3 MB)
21/01/21 09:41:01 INFO MemoryStore: Block broadcast_2_piece0 stored as bytes in memory (estimated size 3.9 KB, free 912.3 MB)
21/01/21 09:41:01 INFO BlockManagerInfo: Added broadcast_2_piece0 in memory on localhost:51171 (size: 3.9 KB, free: 912.3 MB)
21/01/21 09:41:01 INFO SparkContext: Created broadcast 2 from broadcast at DAGScheduler.scala:1163
21/01/21 09:41:01 INFO DAGScheduler: Submitting 1 missing tasks from ResultStage 2 (MapPartitionsRDD[13] at count at utils.scala:116) (first 15 tasks are for partitions Vector(0))
21/01/21 09:41:01 INFO TaskSchedulerImpl: Adding task set 2.0 with 1 tasks
21/01/21 09:41:01 INFO TaskSetManager: Starting task 0.0 in stage 2.0 (TID 2, localhost, executor driver, partition 0, NODE_LOCAL, 7767 bytes)
21/01/21 09:41:01 INFO Executor: Running task 0.0 in stage 2.0 (TID 2)
21/01/21 09:41:01 INFO ShuffleBlockFetcherIterator: Getting 1 non-empty blocks including 1 local blocks and 0 remote blocks
21/01/21 09:41:01 INFO ShuffleBlockFetcherIterator: Started 0 remote fetches in 55 ms
21/01/21 09:41:01 INFO Executor: Finished task 0.0 in stage 2.0 (TID 2). 1825 bytes result sent to driver
21/01/21 09:41:01 INFO TaskSetManager: Finished task 0.0 in stage 2.0 (TID 2) in 264 ms on localhost (executor driver) (1/1)
21/01/21 09:41:01 INFO TaskSchedulerImpl: Removed TaskSet 2.0, whose tasks have all completed, from pool 
21/01/21 09:41:01 INFO DAGScheduler: ResultStage 2 (count at utils.scala:116) finished in 0.312 s
21/01/21 09:41:01 INFO DAGScheduler: Job 1 finished: count at utils.scala:116, took 0.790174 s
21/01/21 09:41:02 INFO HiveMetaStore: 0: get_database: default
21/01/21 09:41:02 INFO audit: ugi=Calum	ip=unknown-ip-addr	cmd=get_database: default	
21/01/21 09:41:02 INFO HiveMetaStore: 0: get_database: default
21/01/21 09:41:02 INFO audit: ugi=Calum	ip=unknown-ip-addr	cmd=get_database: default	
21/01/21 09:41:02 INFO HiveMetaStore: 0: get_tables: db=default pat=*
21/01/21 09:41:02 INFO audit: ugi=Calum	ip=unknown-ip-addr	cmd=get_tables: db=default pat=*	
21/01/21 09:41:02 INFO SparkContext: Starting job: count at utils.scala:116
21/01/21 09:41:02 INFO DAGScheduler: Registering RDD 17 (count at utils.scala:116) as input to shuffle 1
21/01/21 09:41:02 INFO DAGScheduler: Got job 2 (count at utils.scala:116) with 1 output partitions
21/01/21 09:41:02 INFO DAGScheduler: Final stage: ResultStage 4 (count at utils.scala:116)
21/01/21 09:41:02 INFO DAGScheduler: Parents of final stage: List(ShuffleMapStage 3)
21/01/21 09:41:02 INFO DAGScheduler: Missing parents: List(ShuffleMapStage 3)
21/01/21 09:41:02 INFO DAGScheduler: Submitting ShuffleMapStage 3 (MapPartitionsRDD[17] at count at utils.scala:116), which has no missing parents
21/01/21 09:41:02 INFO MemoryStore: Block broadcast_3 stored as values in memory (estimated size 8.0 KB, free 912.3 MB)
21/01/21 09:41:02 INFO MemoryStore: Block broadcast_3_piece0 stored as bytes in memory (estimated size 4.3 KB, free 912.3 MB)
21/01/21 09:41:02 INFO BlockManagerInfo: Added broadcast_3_piece0 in memory on localhost:51171 (size: 4.3 KB, free: 912.3 MB)
21/01/21 09:41:02 INFO SparkContext: Created broadcast 3 from broadcast at DAGScheduler.scala:1163
21/01/21 09:41:02 INFO DAGScheduler: Submitting 1 missing tasks from ShuffleMapStage 3 (MapPartitionsRDD[17] at count at utils.scala:116) (first 15 tasks are for partitions Vector(0))
21/01/21 09:41:02 INFO TaskSchedulerImpl: Adding task set 3.0 with 1 tasks
21/01/21 09:41:02 INFO TaskSetManager: Starting task 0.0 in stage 3.0 (TID 3, localhost, executor driver, partition 0, PROCESS_LOCAL, 8017 bytes)
21/01/21 09:41:02 INFO Executor: Running task 0.0 in stage 3.0 (TID 3)
21/01/21 09:41:02 INFO Executor: Finished task 0.0 in stage 3.0 (TID 3). 1499 bytes result sent to driver
21/01/21 09:41:02 INFO TaskSetManager: Finished task 0.0 in stage 3.0 (TID 3) in 20 ms on localhost (executor driver) (1/1)
21/01/21 09:41:02 INFO TaskSchedulerImpl: Removed TaskSet 3.0, whose tasks have all completed, from pool 
21/01/21 09:41:02 INFO DAGScheduler: ShuffleMapStage 3 (count at utils.scala:116) finished in 0.036 s
21/01/21 09:41:02 INFO DAGScheduler: looking for newly runnable stages
21/01/21 09:41:02 INFO DAGScheduler: running: Set()
21/01/21 09:41:02 INFO DAGScheduler: waiting: Set(ResultStage 4)
21/01/21 09:41:02 INFO DAGScheduler: failed: Set()
21/01/21 09:41:02 INFO DAGScheduler: Submitting ResultStage 4 (MapPartitionsRDD[20] at count at utils.scala:116), which has no missing parents
21/01/21 09:41:02 INFO MemoryStore: Block broadcast_4 stored as values in memory (estimated size 7.3 KB, free 912.2 MB)
21/01/21 09:41:02 INFO MemoryStore: Block broadcast_4_piece0 stored as bytes in memory (estimated size 3.9 KB, free 912.2 MB)
21/01/21 09:41:02 INFO BlockManagerInfo: Added broadcast_4_piece0 in memory on localhost:51171 (size: 3.9 KB, free: 912.3 MB)
21/01/21 09:41:02 INFO SparkContext: Created broadcast 4 from broadcast at DAGScheduler.scala:1163
21/01/21 09:41:02 INFO DAGScheduler: Submitting 1 missing tasks from ResultStage 4 (MapPartitionsRDD[20] at count at utils.scala:116) (first 15 tasks are for partitions Vector(0))
21/01/21 09:41:02 INFO TaskSchedulerImpl: Adding task set 4.0 with 1 tasks
21/01/21 09:41:02 INFO TaskSetManager: Starting task 0.0 in stage 4.0 (TID 4, localhost, executor driver, partition 0, NODE_LOCAL, 7767 bytes)
21/01/21 09:41:02 INFO Executor: Running task 0.0 in stage 4.0 (TID 4)
21/01/21 09:41:02 INFO ShuffleBlockFetcherIterator: Getting 1 non-empty blocks including 1 local blocks and 0 remote blocks
21/01/21 09:41:02 INFO ShuffleBlockFetcherIterator: Started 0 remote fetches in 1 ms
21/01/21 09:41:02 INFO Executor: Finished task 0.0 in stage 4.0 (TID 4). 1782 bytes result sent to driver
21/01/21 09:41:02 INFO TaskSetManager: Finished task 0.0 in stage 4.0 (TID 4) in 15 ms on localhost (executor driver) (1/1)
21/01/21 09:41:02 INFO TaskSchedulerImpl: Removed TaskSet 4.0, whose tasks have all completed, from pool 
21/01/21 09:41:02 INFO DAGScheduler: ResultStage 4 (count at utils.scala:116) finished in 0.048 s
21/01/21 09:41:02 INFO DAGScheduler: Job 2 finished: count at utils.scala:116, took 0.104089 s
21/01/21 09:41:02 INFO HiveMetaStore: 0: get_database: default
21/01/21 09:41:02 INFO audit: ugi=Calum	ip=unknown-ip-addr	cmd=get_database: default	
21/01/21 09:41:02 INFO HiveMetaStore: 0: get_database: default
21/01/21 09:41:02 INFO audit: ugi=Calum	ip=unknown-ip-addr	cmd=get_database: default	
21/01/21 09:41:02 INFO HiveMetaStore: 0: get_tables: db=default pat=*
21/01/21 09:41:02 INFO audit: ugi=Calum	ip=unknown-ip-addr	cmd=get_tables: db=default pat=*	
21/01/21 09:41:03 INFO SparkContext: Starting job: count at utils.scala:116
21/01/21 09:41:03 INFO DAGScheduler: Registering RDD 24 (count at utils.scala:116) as input to shuffle 2
21/01/21 09:41:03 INFO DAGScheduler: Got job 3 (count at utils.scala:116) with 1 output partitions
21/01/21 09:41:03 INFO DAGScheduler: Final stage: ResultStage 6 (count at utils.scala:116)
21/01/21 09:41:03 INFO DAGScheduler: Parents of final stage: List(ShuffleMapStage 5)
21/01/21 09:41:03 INFO DAGScheduler: Missing parents: List(ShuffleMapStage 5)
21/01/21 09:41:03 INFO DAGScheduler: Submitting ShuffleMapStage 5 (MapPartitionsRDD[24] at count at utils.scala:116), which has no missing parents
21/01/21 09:41:03 INFO MemoryStore: Block broadcast_5 stored as values in memory (estimated size 8.0 KB, free 912.2 MB)
21/01/21 09:41:03 INFO MemoryStore: Block broadcast_5_piece0 stored as bytes in memory (estimated size 4.3 KB, free 912.2 MB)
21/01/21 09:41:03 INFO BlockManagerInfo: Added broadcast_5_piece0 in memory on localhost:51171 (size: 4.3 KB, free: 912.3 MB)
21/01/21 09:41:03 INFO SparkContext: Created broadcast 5 from broadcast at DAGScheduler.scala:1163
21/01/21 09:41:03 INFO DAGScheduler: Submitting 1 missing tasks from ShuffleMapStage 5 (MapPartitionsRDD[24] at count at utils.scala:116) (first 15 tasks are for partitions Vector(0))
21/01/21 09:41:03 INFO TaskSchedulerImpl: Adding task set 5.0 with 1 tasks
21/01/21 09:41:03 INFO TaskSetManager: Starting task 0.0 in stage 5.0 (TID 5, localhost, executor driver, partition 0, PROCESS_LOCAL, 8017 bytes)
21/01/21 09:41:03 INFO Executor: Running task 0.0 in stage 5.0 (TID 5)
21/01/21 09:41:03 INFO Executor: Finished task 0.0 in stage 5.0 (TID 5). 1499 bytes result sent to driver
21/01/21 09:41:03 INFO TaskSetManager: Finished task 0.0 in stage 5.0 (TID 5) in 20 ms on localhost (executor driver) (1/1)
21/01/21 09:41:03 INFO TaskSchedulerImpl: Removed TaskSet 5.0, whose tasks have all completed, from pool 
21/01/21 09:41:03 INFO DAGScheduler: ShuffleMapStage 5 (count at utils.scala:116) finished in 0.045 s
21/01/21 09:41:03 INFO DAGScheduler: looking for newly runnable stages
21/01/21 09:41:03 INFO DAGScheduler: running: Set()
21/01/21 09:41:03 INFO DAGScheduler: waiting: Set(ResultStage 6)
21/01/21 09:41:03 INFO DAGScheduler: failed: Set()
21/01/21 09:41:03 INFO DAGScheduler: Submitting ResultStage 6 (MapPartitionsRDD[27] at count at utils.scala:116), which has no missing parents
21/01/21 09:41:03 INFO MemoryStore: Block broadcast_6 stored as values in memory (estimated size 7.3 KB, free 912.2 MB)
21/01/21 09:41:03 INFO MemoryStore: Block broadcast_6_piece0 stored as bytes in memory (estimated size 3.9 KB, free 912.2 MB)
21/01/21 09:41:03 INFO BlockManagerInfo: Added broadcast_6_piece0 in memory on localhost:51171 (size: 3.9 KB, free: 912.3 MB)
21/01/21 09:41:03 INFO SparkContext: Created broadcast 6 from broadcast at DAGScheduler.scala:1163
21/01/21 09:41:03 INFO DAGScheduler: Submitting 1 missing tasks from ResultStage 6 (MapPartitionsRDD[27] at count at utils.scala:116) (first 15 tasks are for partitions Vector(0))
21/01/21 09:41:03 INFO TaskSchedulerImpl: Adding task set 6.0 with 1 tasks
21/01/21 09:41:03 INFO TaskSetManager: Starting task 0.0 in stage 6.0 (TID 6, localhost, executor driver, partition 0, NODE_LOCAL, 7767 bytes)
21/01/21 09:41:03 INFO Executor: Running task 0.0 in stage 6.0 (TID 6)
21/01/21 09:41:03 INFO ShuffleBlockFetcherIterator: Getting 1 non-empty blocks including 1 local blocks and 0 remote blocks
21/01/21 09:41:03 INFO ShuffleBlockFetcherIterator: Started 0 remote fetches in 2 ms
21/01/21 09:41:03 INFO Executor: Finished task 0.0 in stage 6.0 (TID 6). 1782 bytes result sent to driver
21/01/21 09:41:03 INFO TaskSetManager: Finished task 0.0 in stage 6.0 (TID 6) in 16 ms on localhost (executor driver) (1/1)
21/01/21 09:41:03 INFO TaskSchedulerImpl: Removed TaskSet 6.0, whose tasks have all completed, from pool 
21/01/21 09:41:03 INFO DAGScheduler: ResultStage 6 (count at utils.scala:116) finished in 0.040 s
21/01/21 09:41:03 INFO DAGScheduler: Job 3 finished: count at utils.scala:116, took 0.095339 s
21/01/21 09:41:57 INFO ContextCleaner: Cleaned accumulator 37
21/01/21 09:41:57 INFO ContextCleaner: Cleaned accumulator 133
21/01/21 09:41:57 INFO ContextCleaner: Cleaned accumulator 51
21/01/21 09:41:57 INFO ContextCleaner: Cleaned accumulator 176
21/01/21 09:41:57 INFO ContextCleaner: Cleaned accumulator 62
21/01/21 09:41:57 INFO ContextCleaner: Cleaned accumulator 126
21/01/21 09:41:57 INFO ContextCleaner: Cleaned accumulator 36
21/01/21 09:41:57 INFO ContextCleaner: Cleaned accumulator 172
21/01/21 09:41:57 INFO ContextCleaner: Cleaned accumulator 147
21/01/21 09:41:57 INFO ContextCleaner: Cleaned accumulator 191
21/01/21 09:41:57 INFO ContextCleaner: Cleaned accumulator 195
21/01/21 09:41:57 INFO ContextCleaner: Cleaned accumulator 111
21/01/21 09:41:57 INFO ContextCleaner: Cleaned accumulator 169
21/01/21 09:41:57 INFO ContextCleaner: Cleaned accumulator 100
21/01/21 09:41:57 INFO ContextCleaner: Cleaned accumulator 74
21/01/21 09:41:57 INFO ContextCleaner: Cleaned accumulator 205
21/01/21 09:41:57 INFO ContextCleaner: Cleaned accumulator 151
21/01/21 09:41:57 INFO ContextCleaner: Cleaned accumulator 120
21/01/21 09:41:57 INFO BlockManagerInfo: Removed broadcast_5_piece0 on localhost:51171 in memory (size: 4.3 KB, free: 912.3 MB)
21/01/21 09:41:57 INFO ContextCleaner: Cleaned accumulator 42
21/01/21 09:41:57 INFO ContextCleaner: Cleaned accumulator 222
21/01/21 09:41:57 INFO ContextCleaner: Cleaned accumulator 93
21/01/21 09:41:57 INFO ContextCleaner: Cleaned accumulator 137
21/01/21 09:41:57 INFO ContextCleaner: Cleaned accumulator 139
21/01/21 09:41:57 INFO ContextCleaner: Cleaned accumulator 142
21/01/21 09:41:57 INFO ContextCleaner: Cleaned accumulator 212
21/01/21 09:41:57 INFO ContextCleaner: Cleaned accumulator 219
21/01/21 09:41:57 INFO ContextCleaner: Cleaned accumulator 105
21/01/21 09:41:57 INFO ContextCleaner: Cleaned accumulator 92
21/01/21 09:41:57 INFO ContextCleaner: Cleaned accumulator 50
21/01/21 09:41:57 INFO ContextCleaner: Cleaned accumulator 214
21/01/21 09:41:57 INFO ContextCleaner: Cleaned accumulator 69
21/01/21 09:41:57 INFO ContextCleaner: Cleaned accumulator 158
21/01/21 09:41:57 INFO ContextCleaner: Cleaned accumulator 206
21/01/21 09:41:57 INFO ContextCleaner: Cleaned accumulator 53
21/01/21 09:41:57 INFO BlockManagerInfo: Removed broadcast_3_piece0 on localhost:51171 in memory (size: 4.3 KB, free: 912.3 MB)
21/01/21 09:41:57 INFO ContextCleaner: Cleaned accumulator 224
21/01/21 09:41:57 INFO ContextCleaner: Cleaned accumulator 98
21/01/21 09:41:57 INFO ContextCleaner: Cleaned accumulator 161
21/01/21 09:41:57 INFO ContextCleaner: Cleaned accumulator 122
21/01/21 09:41:57 INFO ContextCleaner: Cleaned accumulator 153
21/01/21 09:41:57 INFO ContextCleaner: Cleaned accumulator 47
21/01/21 09:41:57 INFO ContextCleaner: Cleaned accumulator 154
21/01/21 09:41:57 INFO ContextCleaner: Cleaned accumulator 193
21/01/21 09:41:57 INFO ContextCleaner: Cleaned accumulator 221
21/01/21 09:41:57 INFO ContextCleaner: Cleaned accumulator 109
21/01/21 09:41:57 INFO ContextCleaner: Cleaned accumulator 125
21/01/21 09:41:57 INFO ContextCleaner: Cleaned accumulator 78
21/01/21 09:41:57 INFO ContextCleaner: Cleaned accumulator 77
21/01/21 09:41:57 INFO ContextCleaner: Cleaned accumulator 197
21/01/21 09:41:57 INFO ContextCleaner: Cleaned accumulator 119
21/01/21 09:41:57 INFO ContextCleaner: Cleaned accumulator 76
21/01/21 09:41:57 INFO ContextCleaner: Cleaned accumulator 138
21/01/21 09:41:57 INFO ContextCleaner: Cleaned shuffle 0
21/01/21 09:41:57 INFO ContextCleaner: Cleaned accumulator 68
21/01/21 09:41:57 INFO ContextCleaner: Cleaned accumulator 145
21/01/21 09:41:57 INFO ContextCleaner: Cleaned accumulator 178
21/01/21 09:41:57 INFO ContextCleaner: Cleaned accumulator 184
21/01/21 09:41:57 INFO ContextCleaner: Cleaned accumulator 115
21/01/21 09:41:57 INFO ContextCleaner: Cleaned accumulator 211
21/01/21 09:41:57 INFO ContextCleaner: Cleaned accumulator 223
21/01/21 09:41:57 INFO ContextCleaner: Cleaned accumulator 213
21/01/21 09:41:57 INFO ContextCleaner: Cleaned accumulator 183
21/01/21 09:41:57 INFO ContextCleaner: Cleaned accumulator 185
21/01/21 09:41:57 INFO ContextCleaner: Cleaned accumulator 60
21/01/21 09:41:57 INFO ContextCleaner: Cleaned accumulator 141
21/01/21 09:41:57 INFO ContextCleaner: Cleaned accumulator 171
21/01/21 09:41:57 INFO ContextCleaner: Cleaned accumulator 89
21/01/21 09:41:57 INFO BlockManagerInfo: Removed broadcast_2_piece0 on localhost:51171 in memory (size: 3.9 KB, free: 912.3 MB)
21/01/21 09:41:57 INFO ContextCleaner: Cleaned accumulator 49
21/01/21 09:41:57 INFO ContextCleaner: Cleaned accumulator 86
21/01/21 09:41:57 INFO ContextCleaner: Cleaned accumulator 202
21/01/21 09:41:57 INFO ContextCleaner: Cleaned accumulator 48
21/01/21 09:41:57 INFO ContextCleaner: Cleaned accumulator 94
21/01/21 09:41:57 INFO ContextCleaner: Cleaned accumulator 218
21/01/21 09:41:57 INFO ContextCleaner: Cleaned accumulator 165
21/01/21 09:41:57 INFO ContextCleaner: Cleaned accumulator 220
21/01/21 09:41:57 INFO ContextCleaner: Cleaned accumulator 79
21/01/21 09:41:57 INFO ContextCleaner: Cleaned accumulator 104
21/01/21 09:41:57 INFO ContextCleaner: Cleaned accumulator 130
21/01/21 09:41:57 INFO ContextCleaner: Cleaned accumulator 152
21/01/21 09:41:57 INFO ContextCleaner: Cleaned accumulator 103
21/01/21 09:41:57 INFO ContextCleaner: Cleaned accumulator 155
21/01/21 09:41:57 INFO ContextCleaner: Cleaned accumulator 134
21/01/21 09:41:57 INFO ContextCleaner: Cleaned accumulator 144
21/01/21 09:41:57 INFO ContextCleaner: Cleaned accumulator 30
21/01/21 09:41:57 INFO ContextCleaner: Cleaned accumulator 90
21/01/21 09:41:57 INFO ContextCleaner: Cleaned shuffle 2
21/01/21 09:41:57 INFO ContextCleaner: Cleaned accumulator 88
21/01/21 09:41:57 INFO ContextCleaner: Cleaned accumulator 112
21/01/21 09:41:57 INFO ContextCleaner: Cleaned accumulator 131
21/01/21 09:41:57 INFO ContextCleaner: Cleaned accumulator 64
21/01/21 09:41:57 INFO ContextCleaner: Cleaned accumulator 38
21/01/21 09:41:57 INFO ContextCleaner: Cleaned accumulator 118
21/01/21 09:41:57 INFO ContextCleaner: Cleaned accumulator 46
21/01/21 09:41:57 INFO ContextCleaner: Cleaned accumulator 73
21/01/21 09:41:57 INFO ContextCleaner: Cleaned accumulator 166
21/01/21 09:41:57 INFO ContextCleaner: Cleaned accumulator 34
21/01/21 09:41:57 INFO ContextCleaner: Cleaned accumulator 96
21/01/21 09:41:57 INFO ContextCleaner: Cleaned accumulator 52
21/01/21 09:41:57 INFO ContextCleaner: Cleaned accumulator 157
21/01/21 09:41:57 INFO ContextCleaner: Cleaned accumulator 44
21/01/21 09:41:57 INFO ContextCleaner: Cleaned accumulator 110
21/01/21 09:41:57 INFO ContextCleaner: Cleaned accumulator 45
21/01/21 09:41:57 INFO ContextCleaner: Cleaned accumulator 43
21/01/21 09:41:57 INFO ContextCleaner: Cleaned accumulator 32
21/01/21 09:41:57 INFO ContextCleaner: Cleaned accumulator 72
21/01/21 09:41:57 INFO ContextCleaner: Cleaned accumulator 182
21/01/21 09:41:57 INFO ContextCleaner: Cleaned accumulator 156
21/01/21 09:41:57 INFO ContextCleaner: Cleaned accumulator 116
21/01/21 09:41:57 INFO ContextCleaner: Cleaned accumulator 189
21/01/21 09:41:57 INFO ContextCleaner: Cleaned accumulator 163
21/01/21 09:41:57 INFO ContextCleaner: Cleaned accumulator 82
21/01/21 09:41:57 INFO ContextCleaner: Cleaned accumulator 85
21/01/21 09:41:57 INFO ContextCleaner: Cleaned accumulator 159
21/01/21 09:41:57 INFO ContextCleaner: Cleaned accumulator 65
21/01/21 09:41:57 INFO ContextCleaner: Cleaned accumulator 99
21/01/21 09:41:57 INFO ContextCleaner: Cleaned accumulator 59
21/01/21 09:41:57 INFO ContextCleaner: Cleaned accumulator 58
21/01/21 09:41:57 INFO ContextCleaner: Cleaned accumulator 121
21/01/21 09:41:57 INFO ContextCleaner: Cleaned accumulator 102
21/01/21 09:41:57 INFO ContextCleaner: Cleaned accumulator 140
21/01/21 09:41:57 INFO ContextCleaner: Cleaned accumulator 136
21/01/21 09:41:57 INFO ContextCleaner: Cleaned accumulator 199
21/01/21 09:41:57 INFO ContextCleaner: Cleaned accumulator 187
21/01/21 09:41:57 INFO ContextCleaner: Cleaned accumulator 28
21/01/21 09:41:57 INFO ContextCleaner: Cleaned accumulator 63
21/01/21 09:41:57 INFO ContextCleaner: Cleaned accumulator 54
21/01/21 09:41:57 INFO ContextCleaner: Cleaned accumulator 132
21/01/21 09:41:57 INFO ContextCleaner: Cleaned accumulator 97
21/01/21 09:41:57 INFO ContextCleaner: Cleaned accumulator 146
21/01/21 09:41:57 INFO ContextCleaner: Cleaned accumulator 173
21/01/21 09:41:57 INFO ContextCleaner: Cleaned accumulator 95
21/01/21 09:41:57 INFO BlockManagerInfo: Removed broadcast_1_piece0 on localhost:51171 in memory (size: 4.3 KB, free: 912.3 MB)
21/01/21 09:41:57 INFO ContextCleaner: Cleaned accumulator 174
21/01/21 09:41:57 INFO ContextCleaner: Cleaned accumulator 91
21/01/21 09:41:57 INFO ContextCleaner: Cleaned accumulator 168
21/01/21 09:41:57 INFO ContextCleaner: Cleaned accumulator 179
21/01/21 09:41:57 INFO ContextCleaner: Cleaned accumulator 124
21/01/21 09:41:57 INFO ContextCleaner: Cleaned accumulator 33
21/01/21 09:41:57 INFO ContextCleaner: Cleaned accumulator 108
21/01/21 09:41:57 INFO ContextCleaner: Cleaned accumulator 135
21/01/21 09:41:57 INFO ContextCleaner: Cleaned accumulator 167
21/01/21 09:41:57 INFO ContextCleaner: Cleaned accumulator 81
21/01/21 09:41:57 INFO BlockManagerInfo: Removed broadcast_6_piece0 on localhost:51171 in memory (size: 3.9 KB, free: 912.3 MB)
21/01/21 09:41:57 INFO ContextCleaner: Cleaned accumulator 117
21/01/21 09:41:57 INFO ContextCleaner: Cleaned accumulator 188
21/01/21 09:41:57 INFO ContextCleaner: Cleaned accumulator 210
21/01/21 09:41:57 INFO ContextCleaner: Cleaned accumulator 143
21/01/21 09:41:57 INFO ContextCleaner: Cleaned accumulator 217
21/01/21 09:41:57 INFO ContextCleaner: Cleaned accumulator 27
21/01/21 09:41:57 INFO ContextCleaner: Cleaned accumulator 128
21/01/21 09:41:57 INFO BlockManagerInfo: Removed broadcast_4_piece0 on localhost:51171 in memory (size: 3.9 KB, free: 912.3 MB)
21/01/21 09:41:57 INFO ContextCleaner: Cleaned accumulator 35
21/01/21 09:41:57 INFO ContextCleaner: Cleaned accumulator 106
21/01/21 09:41:57 INFO ContextCleaner: Cleaned accumulator 186
21/01/21 09:41:57 INFO ContextCleaner: Cleaned accumulator 181
21/01/21 09:41:57 INFO ContextCleaner: Cleaned accumulator 40
21/01/21 09:41:57 INFO ContextCleaner: Cleaned accumulator 196
21/01/21 09:41:57 INFO ContextCleaner: Cleaned accumulator 67
21/01/21 09:41:57 INFO ContextCleaner: Cleaned accumulator 101
21/01/21 09:41:57 INFO ContextCleaner: Cleaned accumulator 207
21/01/21 09:41:57 INFO ContextCleaner: Cleaned accumulator 150
21/01/21 09:41:57 INFO ContextCleaner: Cleaned accumulator 129
21/01/21 09:41:57 INFO ContextCleaner: Cleaned accumulator 61
21/01/21 09:41:57 INFO ContextCleaner: Cleaned accumulator 29
21/01/21 09:41:57 INFO ContextCleaner: Cleaned accumulator 107
21/01/21 09:41:57 INFO ContextCleaner: Cleaned accumulator 56
21/01/21 09:41:57 INFO ContextCleaner: Cleaned accumulator 177
21/01/21 09:41:57 INFO ContextCleaner: Cleaned accumulator 162
21/01/21 09:41:57 INFO ContextCleaner: Cleaned accumulator 71
21/01/21 09:41:57 INFO ContextCleaner: Cleaned accumulator 200
21/01/21 09:41:57 INFO ContextCleaner: Cleaned accumulator 87
21/01/21 09:41:57 INFO ContextCleaner: Cleaned accumulator 84
21/01/21 09:41:57 INFO ContextCleaner: Cleaned accumulator 160
21/01/21 09:41:57 INFO ContextCleaner: Cleaned accumulator 209
21/01/21 09:41:57 INFO ContextCleaner: Cleaned accumulator 164
21/01/21 09:41:57 INFO ContextCleaner: Cleaned accumulator 114
21/01/21 09:41:57 INFO ContextCleaner: Cleaned accumulator 204
21/01/21 09:41:57 INFO ContextCleaner: Cleaned accumulator 41
21/01/21 09:41:57 INFO ContextCleaner: Cleaned accumulator 127
21/01/21 09:41:57 INFO ContextCleaner: Cleaned accumulator 175
21/01/21 09:41:57 INFO ContextCleaner: Cleaned accumulator 39
21/01/21 09:41:57 INFO ContextCleaner: Cleaned accumulator 113
21/01/21 09:41:57 INFO ContextCleaner: Cleaned shuffle 1
21/01/21 09:41:57 INFO ContextCleaner: Cleaned accumulator 203
21/01/21 09:41:57 INFO ContextCleaner: Cleaned accumulator 55
21/01/21 09:41:57 INFO ContextCleaner: Cleaned accumulator 216
21/01/21 09:41:57 INFO ContextCleaner: Cleaned accumulator 190
21/01/21 09:41:57 INFO ContextCleaner: Cleaned accumulator 215
21/01/21 09:41:57 INFO ContextCleaner: Cleaned accumulator 201
21/01/21 09:41:57 INFO ContextCleaner: Cleaned accumulator 148
21/01/21 09:41:57 INFO ContextCleaner: Cleaned accumulator 208
21/01/21 09:41:57 INFO ContextCleaner: Cleaned accumulator 149
21/01/21 09:41:57 INFO ContextCleaner: Cleaned accumulator 180
21/01/21 09:41:57 INFO ContextCleaner: Cleaned accumulator 66
21/01/21 09:41:57 INFO ContextCleaner: Cleaned accumulator 123
21/01/21 09:41:57 INFO ContextCleaner: Cleaned accumulator 57
21/01/21 09:41:57 INFO ContextCleaner: Cleaned accumulator 170
21/01/21 09:41:57 INFO ContextCleaner: Cleaned accumulator 192
21/01/21 09:41:57 INFO ContextCleaner: Cleaned accumulator 31
21/01/21 09:41:57 INFO ContextCleaner: Cleaned accumulator 83
21/01/21 09:41:57 INFO ContextCleaner: Cleaned accumulator 75
21/01/21 09:41:57 INFO ContextCleaner: Cleaned accumulator 198
21/01/21 09:41:57 INFO ContextCleaner: Cleaned accumulator 194
21/01/21 09:41:57 INFO ContextCleaner: Cleaned accumulator 70
21/01/21 09:41:57 INFO ContextCleaner: Cleaned accumulator 80
21/01/21 10:10:01 INFO ContextCleaner: Cleaned accumulator 0
21/01/21 10:10:01 INFO ContextCleaner: Cleaned accumulator 11
21/01/21 10:10:01 INFO ContextCleaner: Cleaned accumulator 14
21/01/21 10:10:01 INFO ContextCleaner: Cleaned accumulator 4
21/01/21 10:10:01 INFO ContextCleaner: Cleaned accumulator 9
21/01/21 10:10:01 INFO BlockManagerInfo: Removed broadcast_0_piece0 on localhost:51171 in memory (size: 4.1 KB, free: 912.3 MB)
21/01/21 10:10:01 INFO ContextCleaner: Cleaned accumulator 2
21/01/21 10:10:01 INFO ContextCleaner: Cleaned accumulator 7
21/01/21 10:10:01 INFO ContextCleaner: Cleaned accumulator 18
21/01/21 10:10:01 INFO ContextCleaner: Cleaned accumulator 13
21/01/21 10:10:01 INFO ContextCleaner: Cleaned accumulator 10
21/01/21 10:10:01 INFO ContextCleaner: Cleaned accumulator 20
21/01/21 10:10:01 INFO ContextCleaner: Cleaned accumulator 25
21/01/21 10:10:01 INFO ContextCleaner: Cleaned accumulator 12
21/01/21 10:10:01 INFO ContextCleaner: Cleaned accumulator 1
21/01/21 10:10:01 INFO ContextCleaner: Cleaned accumulator 24
21/01/21 10:10:01 INFO ContextCleaner: Cleaned accumulator 5
21/01/21 10:10:01 INFO ContextCleaner: Cleaned accumulator 22
21/01/21 10:10:01 INFO ContextCleaner: Cleaned accumulator 21
21/01/21 10:10:01 INFO ContextCleaner: Cleaned accumulator 17
21/01/21 10:10:01 INFO ContextCleaner: Cleaned accumulator 15
21/01/21 10:10:01 INFO ContextCleaner: Cleaned accumulator 6
21/01/21 10:10:01 INFO ContextCleaner: Cleaned accumulator 8
21/01/21 10:10:01 INFO ContextCleaner: Cleaned accumulator 3
21/01/21 10:10:01 INFO ContextCleaner: Cleaned accumulator 23
21/01/21 10:10:01 INFO ContextCleaner: Cleaned accumulator 19
21/01/21 10:10:01 INFO ContextCleaner: Cleaned accumulator 16
21/01/21 11:25:07 INFO SparkContext: Invoking stop() from shutdown hook
21/01/21 11:25:07 INFO SparkUI: Stopped Spark web UI at http://localhost:4040
21/01/21 11:25:07 INFO MapOutputTrackerMasterEndpoint: MapOutputTrackerMasterEndpoint stopped!
21/01/21 11:25:07 INFO MemoryStore: MemoryStore cleared
21/01/21 11:25:07 INFO BlockManager: BlockManager stopped
21/01/21 11:25:07 INFO BlockManagerMaster: BlockManagerMaster stopped
21/01/21 11:25:07 INFO OutputCommitCoordinator$OutputCommitCoordinatorEndpoint: OutputCommitCoordinator stopped!
21/01/21 11:25:07 INFO SparkContext: Successfully stopped SparkContext
21/01/21 11:25:07 INFO ShutdownHookManager: Shutdown hook called
21/01/21 11:25:07 INFO ShutdownHookManager: Deleting directory /private/var/folders/rq/f94chgbx0bdd522fqp06hpfr0000gp/T/spark-2a280541-1115-42c3-9683-d956ef1693a2
21/01/21 11:25:07 INFO ShutdownHookManager: Deleting directory /private/var/folders/rq/f94chgbx0bdd522fqp06hpfr0000gp/T/spark-749dbe27-fc39-4c76-8c70-d2d13cfe2205
